# JRE version: Java(TM) SE Runtime Environment (17.0.8+9) (build 17.0.8+9-LTS-211)
# Java VM: Java HotSpot(TM) 64-Bit Server VM (17.0.8+9-LTS-211, mixed mode, sharing, tiered, compressed oops, compressed class ptrs, g1 gc, windows-amd64)
GC Precious Log:
 CPUs: 4 total, 4 available
 Memory: 8155M
 Large Page Support: Disabled
 NUMA Support: Disabled
 Compressed Oops: Enabled (32-bit)
 Heap Region Size: 1M
 Heap Min Capacity: 256M
 Heap Initial Capacity: 256M
 Heap Max Capacity: 512M
 Pre-touch: Disabled
 Parallel Workers: 4
 Concurrent Workers: 1
 Concurrent Refinement Workers: 4
 Periodic GC: Disabled
Heap:
 garbage-first heap   total 262144K, used 87167K [0x00000000e0000000, 0x0000000100000000)
  region size 1024K, 43 young (44032K), 1 survivors (1024K)
 Metaspace       used 55741K, committed 56384K, reserved 393216K
  class space    used 7474K, committed 7808K, reserved 327680K
GC Heap History (20 events):
Event: 12.511 GC heap before
{Heap before GC invocations=2 (full 0):
 garbage-first heap   total 262144K, used 32441K [0x00000000e0000000, 0x0000000100000000)
  region size 1024K, 25 young (25600K), 3 survivors (3072K)
 Metaspace       used 4060K, committed 4224K, reserved 393216K
  class space    used 497K, committed 576K, reserved 327680K
}
Event: 12.513 GC heap after
{Heap after GC invocations=3 (full 0):
 garbage-first heap   total 262144K, used 11463K [0x00000000e0000000, 0x0000000100000000)
  region size 1024K, 1 young (1024K), 1 survivors (1024K)
 Metaspace       used 4060K, committed 4224K, reserved 393216K
  class space    used 497K, committed 576K, reserved 327680K
}
Event: 21.972 GC heap before
{Heap before GC invocations=3 (full 0):
 garbage-first heap   total 262144K, used 130247K [0x00000000e0000000, 0x0000000100000000)
  region size 1024K, 117 young (119808K), 1 survivors (1024K)
 Metaspace       used 21222K, committed 21504K, reserved 393216K
  class space    used 3122K, committed 3264K, reserved 327680K
}
Event: 21.982 GC heap after
{Heap after GC invocations=4 (full 0):
 garbage-first heap   total 262144K, used 22894K [0x00000000e0000000, 0x0000000100000000)
  region size 1024K, 12 young (12288K), 12 survivors (12288K)
 Metaspace       used 21222K, committed 21504K, reserved 393216K
  class space    used 3122K, committed 3264K, reserved 327680K
}
Event: 23.863 GC heap before
{Heap before GC invocations=5 (full 0):
 garbage-first heap   total 262144K, used 138606K [0x00000000e0000000, 0x0000000100000000)
  region size 1024K, 122 young (124928K), 12 survivors (12288K)
 Metaspace       used 35623K, committed 35968K, reserved 393216K
  class space    used 4992K, committed 5184K, reserved 327680K
}
Event: 23.876 GC heap after
{Heap after GC invocations=6 (full 0):
 garbage-first heap   total 262144K, used 32114K [0x00000000e0000000, 0x0000000100000000)
  region size 1024K, 10 young (10240K), 10 survivors (10240K)
 Metaspace       used 35623K, committed 35968K, reserved 393216K
  class space    used 4992K, committed 5184K, reserved 327680K
}
Event: 30.623 GC heap before
{Heap before GC invocations=7 (full 0):
 garbage-first heap   total 262144K, used 179570K [0x00000000e0000000, 0x0000000100000000)
  region size 1024K, 153 young (156672K), 10 survivors (10240K)
 Metaspace       used 48739K, committed 49280K, reserved 393216K
  class space    used 7033K, committed 7296K, reserved 327680K
}
Event: 30.641 GC heap after
{Heap after GC invocations=8 (full 0):
 garbage-first heap   total 262144K, used 40858K [0x00000000e0000000, 0x0000000100000000)
  region size 1024K, 18 young (18432K), 18 survivors (18432K)
 Metaspace       used 48739K, committed 49280K, reserved 393216K
  class space    used 7033K, committed 7296K, reserved 327680K
}
Event: 86.723 GC heap before
{Heap before GC invocations=8 (full 0):
 garbage-first heap   total 262144K, used 178074K [0x00000000e0000000, 0x0000000100000000)
  region size 1024K, 153 young (156672K), 18 survivors (18432K)
 Metaspace       used 53043K, committed 53568K, reserved 393216K
  class space    used 7413K, committed 7680K, reserved 327680K
}
Event: 86.742 GC heap after
{Heap after GC invocations=9 (full 0):
 garbage-first heap   total 262144K, used 48506K [0x00000000e0000000, 0x0000000100000000)
  region size 1024K, 18 young (18432K), 18 survivors (18432K)
 Metaspace       used 53043K, committed 53568K, reserved 393216K
  class space    used 7413K, committed 7680K, reserved 327680K
}
Event: 112.167 GC heap before
{Heap before GC invocations=9 (full 0):
 garbage-first heap   total 262144K, used 185722K [0x00000000e0000000, 0x0000000100000000)
  region size 1024K, 153 young (156672K), 18 survivors (18432K)
 Metaspace       used 54241K, committed 54848K, reserved 393216K
  class space    used 7438K, committed 7744K, reserved 327680K
}
Event: 112.181 GC heap after
{Heap after GC invocations=10 (full 0):
 garbage-first heap   total 262144K, used 51820K [0x00000000e0000000, 0x0000000100000000)
  region size 1024K, 11 young (11264K), 11 survivors (11264K)
 Metaspace       used 54241K, committed 54848K, reserved 393216K
  class space    used 7438K, committed 7744K, reserved 327680K
}
Event: 187.942 GC heap before
{Heap before GC invocations=10 (full 0):
 garbage-first heap   total 262144K, used 196204K [0x00000000e0000000, 0x0000000100000000)
  region size 1024K, 153 young (156672K), 11 survivors (11264K)
 Metaspace       used 54797K, committed 55424K, reserved 393216K
  class space    used 7444K, committed 7744K, reserved 327680K
}
Event: 187.948 GC heap after
{Heap after GC invocations=11 (full 0):
 garbage-first heap   total 262144K, used 46700K [0x00000000e0000000, 0x0000000100000000)
  region size 1024K, 6 young (6144K), 6 survivors (6144K)
 Metaspace       used 54797K, committed 55424K, reserved 393216K
  class space    used 7444K, committed 7744K, reserved 327680K
}
Event: 198.680 GC heap before
{Heap before GC invocations=11 (full 0):
 garbage-first heap   total 262144K, used 196204K [0x00000000e0000000, 0x0000000100000000)
  region size 1024K, 153 young (156672K), 6 survivors (6144K)
 Metaspace       used 55120K, committed 55744K, reserved 393216K
  class space    used 7456K, committed 7744K, reserved 327680K
}
Event: 198.689 GC heap after
{Heap after GC invocations=12 (full 0):
 garbage-first heap   total 262144K, used 51486K [0x00000000e0000000, 0x0000000100000000)
  region size 1024K, 11 young (11264K), 11 survivors (11264K)
 Metaspace       used 55120K, committed 55744K, reserved 393216K
  class space    used 7456K, committed 7744K, reserved 327680K
}
Event: 226.545 GC heap before
{Heap before GC invocations=12 (full 0):
 garbage-first heap   total 262144K, used 195870K [0x00000000e0000000, 0x0000000100000000)
  region size 1024K, 153 young (156672K), 11 survivors (11264K)
 Metaspace       used 55438K, committed 56064K, reserved 393216K
  class space    used 7472K, committed 7808K, reserved 327680K
}
Event: 226.555 GC heap after
{Heap after GC invocations=13 (full 0):
 garbage-first heap   total 262144K, used 48728K [0x00000000e0000000, 0x0000000100000000)
  region size 1024K, 4 young (4096K), 4 survivors (4096K)
 Metaspace       used 55438K, committed 56064K, reserved 393216K
  class space    used 7472K, committed 7808K, reserved 327680K
}
Event: 4257.731 GC heap before
{Heap before GC invocations=13 (full 0):
 garbage-first heap   total 262144K, used 200280K [0x00000000e0000000, 0x0000000100000000)
  region size 1024K, 153 young (156672K), 4 survivors (4096K)
 Metaspace       used 55684K, committed 56320K, reserved 393216K
  class space    used 7473K, committed 7808K, reserved 327680K
}
Event: 4257.746 GC heap after
{Heap after GC invocations=14 (full 0):
 garbage-first heap   total 262144K, used 46207K [0x00000000e0000000, 0x0000000100000000)
  region size 1024K, 1 young (1024K), 1 survivors (1024K)
 Metaspace       used 55684K, committed 56320K, reserved 393216K
  class space    used 7473K, committed 7808K, reserved 327680K
}

